{"uid":"26466d9f1e71fb52","name":"validateSuccessfulPaymentTC","fullName":"Tests.UItest.E2E.validateSuccessfulPaymentTC","historyId":"ae6b7c24c6e57647f183d3613a1d60b2","time":{"start":1764675530322,"stop":1764675535601,"duration":5279},"status":"failed","statusMessage":"The following asserts failed:\n\treservation dates miss match expected [Dec 15, 2025 - Dec 17, 2025] but found [Dec 14, 2025 - Dec 16, 2025]","statusTrace":"java.lang.AssertionError: The following asserts failed:\n\treservation dates miss match expected [Dec 15, 2025 - Dec 17, 2025] but found [Dec 14, 2025 - Dec 16, 2025]\r\n\tat org.testng.asserts.SoftAssert.assertAll(SoftAssert.java:46)\r\n\tat org.testng.asserts.SoftAssert.assertAll(SoftAssert.java:30)\r\n\tat Validations.Validation.assertAll(Validation.java:43)\r\n\tat Listeners.TestNGListener.afterInvocation(TestNGListener.java:35)\r\n\tat org.testng.internal.invokers.InvokedMethodListenerInvoker.invokeListener(InvokedMethodListenerInvoker.java:59)\r\n\tat org.testng.internal.invokers.BaseInvoker.runInvokedMethodListeners(BaseInvoker.java:82)\r\n\tat org.testng.internal.invokers.TestInvoker.invokeMethod(TestInvoker.java:746)\r\n\tat org.testng.internal.invokers.TestInvoker.invokeTestMethod(TestInvoker.java:230)\r\n\tat org.testng.internal.invokers.MethodRunner.runInSequence(MethodRunner.java:63)\r\n\tat org.testng.internal.invokers.TestInvoker$MethodInvocationAgent.invoke(TestInvoker.java:992)\r\n\tat org.testng.internal.invokers.TestInvoker.invokeTestMethods(TestInvoker.java:203)\r\n\tat org.testng.internal.invokers.TestMethodWorker.invokeTestMethods(TestMethodWorker.java:154)\r\n\tat org.testng.internal.invokers.TestMethodWorker.run(TestMethodWorker.java:134)\r\n\tat java.base/java.util.ArrayList.forEach(ArrayList.java:1596)\r\n\tat org.testng.TestRunner.privateRun(TestRunner.java:739)\r\n\tat org.testng.TestRunner.run(TestRunner.java:614)\r\n\tat org.testng.SuiteRunner.runTest(SuiteRunner.java:421)\r\n\tat org.testng.SuiteRunner.runSequentially(SuiteRunner.java:413)\r\n\tat org.testng.SuiteRunner.privateRun(SuiteRunner.java:373)\r\n\tat org.testng.SuiteRunner.run(SuiteRunner.java:312)\r\n\tat org.testng.SuiteRunnerWorker.runSuite(SuiteRunnerWorker.java:52)\r\n\tat org.testng.SuiteRunnerWorker.run(SuiteRunnerWorker.java:95)\r\n\tat org.testng.TestNG.runSuitesSequentially(TestNG.java:1274)\r\n\tat org.testng.TestNG.runSuitesLocally(TestNG.java:1208)\r\n\tat org.testng.TestNG.runSuites(TestNG.java:1112)\r\n\tat org.testng.TestNG.run(TestNG.java:1079)\r\n\tat com.intellij.rt.testng.IDEARemoteTestNG.run(IDEARemoteTestNG.java:65)\r\n\tat com.intellij.rt.testng.RemoteTestNGStarter.main(RemoteTestNGStarter.java:105)\r\n","flaky":false,"newFailed":false,"newBroken":false,"newPassed":false,"retriesCount":4,"retriesStatusChange":true,"beforeStages":[{"name":"beforeClassConditions","time":{"start":1764675479923,"stop":1764675485069,"duration":5146},"description":"","status":"passed","steps":[{"name":"navigate to Stay-In home Page","time":{"start":1764675484074,"stop":1764675485064,"duration":990},"status":"passed","steps":[],"attachments":[],"parameters":[],"shouldDisplayMessage":false,"attachmentsCount":0,"hasContent":false,"stepsCount":0,"attachmentStep":false}],"attachments":[],"parameters":[],"shouldDisplayMessage":false,"attachmentsCount":0,"hasContent":true,"stepsCount":1,"attachmentStep":false}],"testStage":{"status":"failed","statusMessage":"The following asserts failed:\n\treservation dates miss match expected [Dec 15, 2025 - Dec 17, 2025] but found [Dec 14, 2025 - Dec 16, 2025]","statusTrace":"java.lang.AssertionError: The following asserts failed:\n\treservation dates miss match expected [Dec 15, 2025 - Dec 17, 2025] but found [Dec 14, 2025 - Dec 16, 2025]\r\n\tat org.testng.asserts.SoftAssert.assertAll(SoftAssert.java:46)\r\n\tat org.testng.asserts.SoftAssert.assertAll(SoftAssert.java:30)\r\n\tat Validations.Validation.assertAll(Validation.java:43)\r\n\tat Listeners.TestNGListener.afterInvocation(TestNGListener.java:35)\r\n\tat org.testng.internal.invokers.InvokedMethodListenerInvoker.invokeListener(InvokedMethodListenerInvoker.java:59)\r\n\tat org.testng.internal.invokers.BaseInvoker.runInvokedMethodListeners(BaseInvoker.java:82)\r\n\tat org.testng.internal.invokers.TestInvoker.invokeMethod(TestInvoker.java:746)\r\n\tat org.testng.internal.invokers.TestInvoker.invokeTestMethod(TestInvoker.java:230)\r\n\tat org.testng.internal.invokers.MethodRunner.runInSequence(MethodRunner.java:63)\r\n\tat org.testng.internal.invokers.TestInvoker$MethodInvocationAgent.invoke(TestInvoker.java:992)\r\n\tat org.testng.internal.invokers.TestInvoker.invokeTestMethods(TestInvoker.java:203)\r\n\tat org.testng.internal.invokers.TestMethodWorker.invokeTestMethods(TestMethodWorker.java:154)\r\n\tat org.testng.internal.invokers.TestMethodWorker.run(TestMethodWorker.java:134)\r\n\tat java.base/java.util.ArrayList.forEach(ArrayList.java:1596)\r\n\tat org.testng.TestRunner.privateRun(TestRunner.java:739)\r\n\tat org.testng.TestRunner.run(TestRunner.java:614)\r\n\tat org.testng.SuiteRunner.runTest(SuiteRunner.java:421)\r\n\tat org.testng.SuiteRunner.runSequentially(SuiteRunner.java:413)\r\n\tat org.testng.SuiteRunner.privateRun(SuiteRunner.java:373)\r\n\tat org.testng.SuiteRunner.run(SuiteRunner.java:312)\r\n\tat org.testng.SuiteRunnerWorker.runSuite(SuiteRunnerWorker.java:52)\r\n\tat org.testng.SuiteRunnerWorker.run(SuiteRunnerWorker.java:95)\r\n\tat org.testng.TestNG.runSuitesSequentially(TestNG.java:1274)\r\n\tat org.testng.TestNG.runSuitesLocally(TestNG.java:1208)\r\n\tat org.testng.TestNG.runSuites(TestNG.java:1112)\r\n\tat org.testng.TestNG.run(TestNG.java:1079)\r\n\tat com.intellij.rt.testng.IDEARemoteTestNG.run(IDEARemoteTestNG.java:65)\r\n\tat com.intellij.rt.testng.RemoteTestNGStarter.main(RemoteTestNGStarter.java:105)\r\n","steps":[{"name":"validate success message","time":{"start":1764675530325,"stop":1764675534256,"duration":3931},"status":"passed","steps":[],"attachments":[],"parameters":[{"name":"expectedMSG","value":"Payment Successful!"}],"shouldDisplayMessage":false,"attachmentsCount":0,"hasContent":true,"stepsCount":0,"attachmentStep":false},{"name":"validate total paid amount","time":{"start":1764675534258,"stop":1764675534763,"duration":505},"status":"passed","steps":[],"attachments":[],"parameters":[{"name":"expectedAmount","value":"$691.47"}],"shouldDisplayMessage":false,"attachmentsCount":0,"hasContent":true,"stepsCount":0,"attachmentStep":false},{"name":"validate reservation dates","time":{"start":1764675534764,"stop":1764675534856,"duration":92},"status":"passed","steps":[],"attachments":[],"parameters":[{"name":"expectedDates","value":"Dec 15, 2025 - Dec 17, 2025"}],"shouldDisplayMessage":false,"attachmentsCount":0,"hasContent":true,"stepsCount":0,"attachmentStep":false},{"name":"return to home page","time":{"start":1764675534856,"stop":1764675535072,"duration":216},"status":"passed","steps":[],"attachments":[],"parameters":[],"shouldDisplayMessage":false,"attachmentsCount":0,"hasContent":false,"stepsCount":0,"attachmentStep":false}],"attachments":[{"uid":"d5662c850c20cbc0","name":"Screenshot - validateSuccessfulPaymentTC","source":"d5662c850c20cbc0.png","type":"image/png","size":20886},{"uid":"13e4fc224c07225e","name":"validateSuccessfulPaymentTC Logs","source":"13e4fc224c07225e.txt","type":"text/plain","size":8527}],"parameters":[],"shouldDisplayMessage":true,"attachmentsCount":2,"hasContent":true,"stepsCount":4,"attachmentStep":false},"afterStages":[{"name":"TearDown","time":{"start":1764675535666,"stop":1764675537793,"duration":2127},"description":"","status":"passed","steps":[],"attachments":[],"parameters":[],"shouldDisplayMessage":false,"attachmentsCount":0,"hasContent":false,"stepsCount":0,"attachmentStep":false}],"labels":[{"name":"package","value":"Tests.UItest.E2E"},{"name":"testClass","value":"Tests.UItest.E2E"},{"name":"testMethod","value":"validateSuccessfulPaymentTC"},{"name":"parentSuite","value":"automation exercise"},{"name":"suite","value":"StayIN-GradProject"},{"name":"subSuite","value":"Tests.UItest.E2E"},{"name":"host","value":"Muhammed-Sherif"},{"name":"thread","value":"11908@Muhammed-Sherif.main(1)"},{"name":"framework","value":"testng"},{"name":"language","value":"java"},{"name":"epic","value":"GraduationProject - Web Automation Testing"},{"name":"owner","value":"Muhammed Sherif"},{"name":"feature","value":"E2E Test for property Reservation"},{"name":"story","value":"navigate to the home page, login, search for a property, add to wishlist, filter items, select a property, make a reservation, and complete payment."},{"name":"severity","value":"critical"},{"name":"resultFormat","value":"allure2"}],"parameters":[],"links":[],"hidden":false,"retry":false,"extra":{"severity":"critical","owner":"Muhammed Sherif","retries":[{"uid":"e70658f911d98139","status":"skipped","statusDetails":"Method Tests.UItest.E2E.validateSuccessfulPaymentTC() on instance Tests.UItest.E2E@44f0ff2b depends on not successfully finished methods \n[Tests.UItest.E2E.searchTC() on instance Tests.UItest.E2E@44f0ff2b\nTests.UItest.E2E.selectProductFromFilter() on instance Tests.UItest.E2E@44f0ff2b\nTests.UItest.E2E.viewPropertyTC() on instance Tests.UItest.E2E@44f0ff2b\nTests.UItest.E2E.wishListTc() on instance Tests.UItest.E2E@44f0ff2b\nTests.UItest.E2E.LoginTc() on instance Tests.UItest.E2E@44f0ff2b\nTests.UItest.E2E.completePaymentTC() on instance Tests.UItest.E2E@44f0ff2b]","time":{"start":1764675256688,"stop":1764675256930,"duration":242}},{"uid":"6cf967b0a492b50f","status":"passed","time":{"start":1764077976793,"stop":1764077982293,"duration":5500}},{"uid":"d9e2c517a2cf1548","status":"failed","statusDetails":"The following asserts failed:\n\ttotal paid amount miss match expected [726.57$] but found [$726.57],\n\treservation dates miss match expected [Nov 27, 2025 - Nov 30, 2025] but found [Nov 27, 2025 - Nov 29, 2025]","time":{"start":1764076863222,"stop":1764076869049,"duration":5827}},{"uid":"5dcab0119164a93b","status":"failed","statusDetails":"The following asserts failed:\n\ttotal paid amount miss match expected [727$] but found [$726.57],\n\treservation dates miss match expected [Nov 26, 2025 - Nov 28, 2025] but found [Nov 25, 2025 - Nov 27, 2025]","time":{"start":1764074887010,"stop":1764074891974,"duration":4964}}],"categories":[{"name":"Product defects","matchedStatuses":[]}],"tags":[]},"source":"26466d9f1e71fb52.json","parameterValues":[]}