{"uid":"5dcab0119164a93b","name":"validateSuccessfulPaymentTC","fullName":"Tests.UItest.E2E.validateSuccessfulPaymentTC","historyId":"ae6b7c24c6e57647f183d3613a1d60b2","time":{"start":1764074887010,"stop":1764074891974,"duration":4964},"status":"failed","statusMessage":"The following asserts failed:\n\ttotal paid amount miss match expected [727$] but found [$726.57],\n\treservation dates miss match expected [Nov 26, 2025 - Nov 28, 2025] but found [Nov 25, 2025 - Nov 27, 2025]","statusTrace":"java.lang.AssertionError: The following asserts failed:\n\ttotal paid amount miss match expected [727$] but found [$726.57],\n\treservation dates miss match expected [Nov 26, 2025 - Nov 28, 2025] but found [Nov 25, 2025 - Nov 27, 2025]\r\n\tat org.testng.asserts.SoftAssert.assertAll(SoftAssert.java:46)\r\n\tat org.testng.asserts.SoftAssert.assertAll(SoftAssert.java:30)\r\n\tat Validations.Validation.assertAll(Validation.java:43)\r\n\tat Listeners.TestNGListener.afterInvocation(TestNGListener.java:35)\r\n\tat org.testng.internal.invokers.InvokedMethodListenerInvoker.invokeListener(InvokedMethodListenerInvoker.java:59)\r\n\tat org.testng.internal.invokers.BaseInvoker.runInvokedMethodListeners(BaseInvoker.java:82)\r\n\tat org.testng.internal.invokers.TestInvoker.invokeMethod(TestInvoker.java:746)\r\n\tat org.testng.internal.invokers.TestInvoker.invokeTestMethod(TestInvoker.java:230)\r\n\tat org.testng.internal.invokers.MethodRunner.runInSequence(MethodRunner.java:63)\r\n\tat org.testng.internal.invokers.TestInvoker$MethodInvocationAgent.invoke(TestInvoker.java:992)\r\n\tat org.testng.internal.invokers.TestInvoker.invokeTestMethods(TestInvoker.java:203)\r\n\tat org.testng.internal.invokers.TestMethodWorker.invokeTestMethods(TestMethodWorker.java:154)\r\n\tat org.testng.internal.invokers.TestMethodWorker.run(TestMethodWorker.java:134)\r\n\tat java.base/java.util.ArrayList.forEach(ArrayList.java:1596)\r\n\tat org.testng.TestRunner.privateRun(TestRunner.java:739)\r\n\tat org.testng.TestRunner.run(TestRunner.java:614)\r\n\tat org.testng.SuiteRunner.runTest(SuiteRunner.java:421)\r\n\tat org.testng.SuiteRunner.runSequentially(SuiteRunner.java:413)\r\n\tat org.testng.SuiteRunner.privateRun(SuiteRunner.java:373)\r\n\tat org.testng.SuiteRunner.run(SuiteRunner.java:312)\r\n\tat org.testng.SuiteRunnerWorker.runSuite(SuiteRunnerWorker.java:52)\r\n\tat org.testng.SuiteRunnerWorker.run(SuiteRunnerWorker.java:95)\r\n\tat org.testng.TestNG.runSuitesSequentially(TestNG.java:1274)\r\n\tat org.testng.TestNG.runSuitesLocally(TestNG.java:1208)\r\n\tat org.testng.TestNG.runSuites(TestNG.java:1112)\r\n\tat org.testng.TestNG.run(TestNG.java:1079)\r\n\tat com.intellij.rt.testng.IDEARemoteTestNG.run(IDEARemoteTestNG.java:65)\r\n\tat com.intellij.rt.testng.RemoteTestNGStarter.main(RemoteTestNGStarter.java:105)\r\n","flaky":false,"newFailed":false,"newBroken":false,"newPassed":false,"retriesCount":0,"retriesStatusChange":false,"beforeStages":[{"name":"beforeClassConditions","time":{"start":1764074838421,"stop":1764074844796,"duration":6375},"description":"","status":"passed","steps":[{"name":"navigate to Stay-In home Page","time":{"start":1764074843660,"stop":1764074844792,"duration":1132},"status":"passed","steps":[],"attachments":[],"parameters":[],"shouldDisplayMessage":false,"attachmentsCount":0,"hasContent":false,"stepsCount":0,"attachmentStep":false}],"attachments":[],"parameters":[],"shouldDisplayMessage":false,"attachmentsCount":0,"hasContent":true,"stepsCount":1,"attachmentStep":false}],"testStage":{"status":"failed","statusMessage":"The following asserts failed:\n\ttotal paid amount miss match expected [727$] but found [$726.57],\n\treservation dates miss match expected [Nov 26, 2025 - Nov 28, 2025] but found [Nov 25, 2025 - Nov 27, 2025]","statusTrace":"java.lang.AssertionError: The following asserts failed:\n\ttotal paid amount miss match expected [727$] but found [$726.57],\n\treservation dates miss match expected [Nov 26, 2025 - Nov 28, 2025] but found [Nov 25, 2025 - Nov 27, 2025]\r\n\tat org.testng.asserts.SoftAssert.assertAll(SoftAssert.java:46)\r\n\tat org.testng.asserts.SoftAssert.assertAll(SoftAssert.java:30)\r\n\tat Validations.Validation.assertAll(Validation.java:43)\r\n\tat Listeners.TestNGListener.afterInvocation(TestNGListener.java:35)\r\n\tat org.testng.internal.invokers.InvokedMethodListenerInvoker.invokeListener(InvokedMethodListenerInvoker.java:59)\r\n\tat org.testng.internal.invokers.BaseInvoker.runInvokedMethodListeners(BaseInvoker.java:82)\r\n\tat org.testng.internal.invokers.TestInvoker.invokeMethod(TestInvoker.java:746)\r\n\tat org.testng.internal.invokers.TestInvoker.invokeTestMethod(TestInvoker.java:230)\r\n\tat org.testng.internal.invokers.MethodRunner.runInSequence(MethodRunner.java:63)\r\n\tat org.testng.internal.invokers.TestInvoker$MethodInvocationAgent.invoke(TestInvoker.java:992)\r\n\tat org.testng.internal.invokers.TestInvoker.invokeTestMethods(TestInvoker.java:203)\r\n\tat org.testng.internal.invokers.TestMethodWorker.invokeTestMethods(TestMethodWorker.java:154)\r\n\tat org.testng.internal.invokers.TestMethodWorker.run(TestMethodWorker.java:134)\r\n\tat java.base/java.util.ArrayList.forEach(ArrayList.java:1596)\r\n\tat org.testng.TestRunner.privateRun(TestRunner.java:739)\r\n\tat org.testng.TestRunner.run(TestRunner.java:614)\r\n\tat org.testng.SuiteRunner.runTest(SuiteRunner.java:421)\r\n\tat org.testng.SuiteRunner.runSequentially(SuiteRunner.java:413)\r\n\tat org.testng.SuiteRunner.privateRun(SuiteRunner.java:373)\r\n\tat org.testng.SuiteRunner.run(SuiteRunner.java:312)\r\n\tat org.testng.SuiteRunnerWorker.runSuite(SuiteRunnerWorker.java:52)\r\n\tat org.testng.SuiteRunnerWorker.run(SuiteRunnerWorker.java:95)\r\n\tat org.testng.TestNG.runSuitesSequentially(TestNG.java:1274)\r\n\tat org.testng.TestNG.runSuitesLocally(TestNG.java:1208)\r\n\tat org.testng.TestNG.runSuites(TestNG.java:1112)\r\n\tat org.testng.TestNG.run(TestNG.java:1079)\r\n\tat com.intellij.rt.testng.IDEARemoteTestNG.run(IDEARemoteTestNG.java:65)\r\n\tat com.intellij.rt.testng.RemoteTestNGStarter.main(RemoteTestNGStarter.java:105)\r\n","steps":[{"name":"validate success message","time":{"start":1764074887013,"stop":1764074890771,"duration":3758},"status":"passed","steps":[],"attachments":[],"parameters":[{"name":"expectedMSG","value":"Payment Successful!"}],"shouldDisplayMessage":false,"attachmentsCount":0,"hasContent":true,"stepsCount":0,"attachmentStep":false},{"name":"validate total paid amount","time":{"start":1764074890772,"stop":1764074891306,"duration":534},"status":"passed","steps":[],"attachments":[],"parameters":[{"name":"expectedAmount","value":"727$"}],"shouldDisplayMessage":false,"attachmentsCount":0,"hasContent":true,"stepsCount":0,"attachmentStep":false},{"name":"validate reservation dates","time":{"start":1764074891307,"stop":1764074891375,"duration":68},"status":"passed","steps":[],"attachments":[],"parameters":[{"name":"expectedDates","value":"Nov 26, 2025 - Nov 28, 2025"}],"shouldDisplayMessage":false,"attachmentsCount":0,"hasContent":true,"stepsCount":0,"attachmentStep":false},{"name":"return to home page","time":{"start":1764074891376,"stop":1764074891546,"duration":170},"status":"passed","steps":[],"attachments":[],"parameters":[],"shouldDisplayMessage":false,"attachmentsCount":0,"hasContent":false,"stepsCount":0,"attachmentStep":false}],"attachments":[{"uid":"6b32cebc5a338ae8","name":"Screenshot - validateSuccessfulPaymentTC","source":"6b32cebc5a338ae8.png","type":"image/png","size":20786},{"uid":"9496786c5b4c7db6","name":"validateSuccessfulPaymentTC Logs","source":"9496786c5b4c7db6.txt","type":"text/plain","size":8787}],"parameters":[],"shouldDisplayMessage":true,"attachmentsCount":2,"hasContent":true,"stepsCount":4,"attachmentStep":false},"afterStages":[{"name":"TearDown","time":{"start":1764074892058,"stop":1764074892062,"duration":4},"description":"","status":"passed","steps":[],"attachments":[],"parameters":[],"shouldDisplayMessage":false,"attachmentsCount":0,"hasContent":false,"stepsCount":0,"attachmentStep":false}],"labels":[{"name":"package","value":"Tests.UItest.E2E"},{"name":"testClass","value":"Tests.UItest.E2E"},{"name":"testMethod","value":"validateSuccessfulPaymentTC"},{"name":"parentSuite","value":"automation exercise"},{"name":"suite","value":"StayIN-GradProject"},{"name":"subSuite","value":"Tests.UItest.E2E"},{"name":"host","value":"Muhammed-Sherif"},{"name":"thread","value":"14244@Muhammed-Sherif.main(1)"},{"name":"framework","value":"testng"},{"name":"language","value":"java"},{"name":"resultFormat","value":"allure2"}],"parameters":[],"links":[],"hidden":true,"retry":true,"extra":{"categories":[],"tags":[]},"source":"5dcab0119164a93b.json","parameterValues":[]}