{"uid":"832448e7faef4a94","name":"validateSuccessfulPaymentTC","fullName":"Tests.UItest.E2E.validateSuccessfulPaymentTC","historyId":"ae6b7c24c6e57647f183d3613a1d60b2","time":{"start":1764848930017,"stop":1764848934911,"duration":4894},"status":"failed","statusMessage":"The following asserts failed:\n\treservation dates miss match expected [Dec 30, 2025 - Jan 1, 2026] but found [Dec 29, 2025 - Dec 31, 2025]","statusTrace":"java.lang.AssertionError: The following asserts failed:\n\treservation dates miss match expected [Dec 30, 2025 - Jan 1, 2026] but found [Dec 29, 2025 - Dec 31, 2025]\r\n\tat org.testng.asserts.SoftAssert.assertAll(SoftAssert.java:46)\r\n\tat org.testng.asserts.SoftAssert.assertAll(SoftAssert.java:30)\r\n\tat Validations.Validation.assertAll(Validation.java:43)\r\n\tat Listeners.TestNGListener.afterInvocation(TestNGListener.java:35)\r\n\tat org.testng.internal.invokers.InvokedMethodListenerInvoker.invokeListener(InvokedMethodListenerInvoker.java:59)\r\n\tat org.testng.internal.invokers.BaseInvoker.runInvokedMethodListeners(BaseInvoker.java:82)\r\n\tat org.testng.internal.invokers.TestInvoker.invokeMethod(TestInvoker.java:746)\r\n\tat org.testng.internal.invokers.TestInvoker.invokeTestMethod(TestInvoker.java:230)\r\n\tat org.testng.internal.invokers.MethodRunner.runInSequence(MethodRunner.java:63)\r\n\tat org.testng.internal.invokers.TestInvoker$MethodInvocationAgent.invoke(TestInvoker.java:992)\r\n\tat org.testng.internal.invokers.TestInvoker.invokeTestMethods(TestInvoker.java:203)\r\n\tat org.testng.internal.invokers.TestMethodWorker.invokeTestMethods(TestMethodWorker.java:154)\r\n\tat org.testng.internal.invokers.TestMethodWorker.run(TestMethodWorker.java:134)\r\n\tat java.base/java.util.ArrayList.forEach(ArrayList.java:1596)\r\n\tat org.testng.TestRunner.privateRun(TestRunner.java:739)\r\n\tat org.testng.TestRunner.run(TestRunner.java:614)\r\n\tat org.testng.SuiteRunner.runTest(SuiteRunner.java:421)\r\n\tat org.testng.SuiteRunner.runSequentially(SuiteRunner.java:413)\r\n\tat org.testng.SuiteRunner.privateRun(SuiteRunner.java:373)\r\n\tat org.testng.SuiteRunner.run(SuiteRunner.java:312)\r\n\tat org.testng.SuiteRunnerWorker.runSuite(SuiteRunnerWorker.java:52)\r\n\tat org.testng.SuiteRunnerWorker.run(SuiteRunnerWorker.java:95)\r\n\tat org.testng.TestNG.runSuitesSequentially(TestNG.java:1274)\r\n\tat org.testng.TestNG.runSuitesLocally(TestNG.java:1208)\r\n\tat org.testng.TestNG.runSuites(TestNG.java:1112)\r\n\tat org.testng.TestNG.run(TestNG.java:1079)\r\n\tat com.intellij.rt.testng.IDEARemoteTestNG.run(IDEARemoteTestNG.java:65)\r\n\tat com.intellij.rt.testng.RemoteTestNGStarter.main(RemoteTestNGStarter.java:105)\r\n","flaky":false,"newFailed":false,"newBroken":false,"newPassed":false,"retriesCount":0,"retriesStatusChange":false,"beforeStages":[{"name":"beforeClassConditions","time":{"start":1764848887167,"stop":1764848892212,"duration":5045},"description":"","status":"passed","steps":[{"name":"navigate to Stay-In home Page","time":{"start":1764848891295,"stop":1764848892209,"duration":914},"status":"passed","steps":[],"attachments":[],"parameters":[],"attachmentsCount":0,"shouldDisplayMessage":false,"attachmentStep":false,"stepsCount":0,"hasContent":false}],"attachments":[],"parameters":[],"attachmentsCount":0,"shouldDisplayMessage":false,"attachmentStep":false,"stepsCount":1,"hasContent":true}],"testStage":{"status":"failed","statusMessage":"The following asserts failed:\n\treservation dates miss match expected [Dec 30, 2025 - Jan 1, 2026] but found [Dec 29, 2025 - Dec 31, 2025]","statusTrace":"java.lang.AssertionError: The following asserts failed:\n\treservation dates miss match expected [Dec 30, 2025 - Jan 1, 2026] but found [Dec 29, 2025 - Dec 31, 2025]\r\n\tat org.testng.asserts.SoftAssert.assertAll(SoftAssert.java:46)\r\n\tat org.testng.asserts.SoftAssert.assertAll(SoftAssert.java:30)\r\n\tat Validations.Validation.assertAll(Validation.java:43)\r\n\tat Listeners.TestNGListener.afterInvocation(TestNGListener.java:35)\r\n\tat org.testng.internal.invokers.InvokedMethodListenerInvoker.invokeListener(InvokedMethodListenerInvoker.java:59)\r\n\tat org.testng.internal.invokers.BaseInvoker.runInvokedMethodListeners(BaseInvoker.java:82)\r\n\tat org.testng.internal.invokers.TestInvoker.invokeMethod(TestInvoker.java:746)\r\n\tat org.testng.internal.invokers.TestInvoker.invokeTestMethod(TestInvoker.java:230)\r\n\tat org.testng.internal.invokers.MethodRunner.runInSequence(MethodRunner.java:63)\r\n\tat org.testng.internal.invokers.TestInvoker$MethodInvocationAgent.invoke(TestInvoker.java:992)\r\n\tat org.testng.internal.invokers.TestInvoker.invokeTestMethods(TestInvoker.java:203)\r\n\tat org.testng.internal.invokers.TestMethodWorker.invokeTestMethods(TestMethodWorker.java:154)\r\n\tat org.testng.internal.invokers.TestMethodWorker.run(TestMethodWorker.java:134)\r\n\tat java.base/java.util.ArrayList.forEach(ArrayList.java:1596)\r\n\tat org.testng.TestRunner.privateRun(TestRunner.java:739)\r\n\tat org.testng.TestRunner.run(TestRunner.java:614)\r\n\tat org.testng.SuiteRunner.runTest(SuiteRunner.java:421)\r\n\tat org.testng.SuiteRunner.runSequentially(SuiteRunner.java:413)\r\n\tat org.testng.SuiteRunner.privateRun(SuiteRunner.java:373)\r\n\tat org.testng.SuiteRunner.run(SuiteRunner.java:312)\r\n\tat org.testng.SuiteRunnerWorker.runSuite(SuiteRunnerWorker.java:52)\r\n\tat org.testng.SuiteRunnerWorker.run(SuiteRunnerWorker.java:95)\r\n\tat org.testng.TestNG.runSuitesSequentially(TestNG.java:1274)\r\n\tat org.testng.TestNG.runSuitesLocally(TestNG.java:1208)\r\n\tat org.testng.TestNG.runSuites(TestNG.java:1112)\r\n\tat org.testng.TestNG.run(TestNG.java:1079)\r\n\tat com.intellij.rt.testng.IDEARemoteTestNG.run(IDEARemoteTestNG.java:65)\r\n\tat com.intellij.rt.testng.RemoteTestNGStarter.main(RemoteTestNGStarter.java:105)\r\n","steps":[{"name":"validate success message","time":{"start":1764848930019,"stop":1764848933767,"duration":3748},"status":"passed","steps":[],"attachments":[],"parameters":[{"name":"expectedMSG","value":"Payment Successful!"}],"attachmentsCount":0,"shouldDisplayMessage":false,"attachmentStep":false,"stepsCount":0,"hasContent":true},{"name":"validate total paid amount","time":{"start":1764848933768,"stop":1764848934309,"duration":541},"status":"passed","steps":[],"attachments":[],"parameters":[{"name":"expectedAmount","value":"$691.47"}],"attachmentsCount":0,"shouldDisplayMessage":false,"attachmentStep":false,"stepsCount":0,"hasContent":true},{"name":"validate reservation dates","time":{"start":1764848934310,"stop":1764848934410,"duration":100},"status":"passed","steps":[],"attachments":[],"parameters":[{"name":"expectedDates","value":"Dec 30, 2025 - Jan 1, 2026"}],"attachmentsCount":0,"shouldDisplayMessage":false,"attachmentStep":false,"stepsCount":0,"hasContent":true},{"name":"return to home page","time":{"start":1764848934411,"stop":1764848934607,"duration":196},"status":"passed","steps":[],"attachments":[],"parameters":[],"attachmentsCount":0,"shouldDisplayMessage":false,"attachmentStep":false,"stepsCount":0,"hasContent":false}],"attachments":[{"uid":"f1e76a5d314abb07","name":"Screenshot - validateSuccessfulPaymentTC","source":"f1e76a5d314abb07.png","type":"image/png","size":20636},{"uid":"b8c9abb31c0dade6","name":"validateSuccessfulPaymentTC Logs","source":"b8c9abb31c0dade6.txt","type":"text/plain","size":9237}],"parameters":[],"attachmentsCount":2,"shouldDisplayMessage":true,"attachmentStep":false,"stepsCount":4,"hasContent":true},"afterStages":[{"name":"TearDown","time":{"start":1764848934949,"stop":1764848935717,"duration":768},"description":"","status":"passed","steps":[],"attachments":[],"parameters":[],"attachmentsCount":0,"shouldDisplayMessage":false,"attachmentStep":false,"stepsCount":0,"hasContent":false}],"labels":[{"name":"package","value":"Tests.UItest.E2E"},{"name":"testClass","value":"Tests.UItest.E2E"},{"name":"testMethod","value":"validateSuccessfulPaymentTC"},{"name":"parentSuite","value":"automation exercise"},{"name":"suite","value":"StayIN-GradProject"},{"name":"subSuite","value":"Tests.UItest.E2E"},{"name":"host","value":"Muhammed-Sherif"},{"name":"thread","value":"1944@Muhammed-Sherif.main(1)"},{"name":"framework","value":"testng"},{"name":"language","value":"java"},{"name":"epic","value":"GraduationProject - Web Automation Testing"},{"name":"owner","value":"Muhammed Sherif"},{"name":"feature","value":"E2E Test for property Reservation"},{"name":"story","value":"navigate to the home page, login, search for a property, add to wishlist, filter items, select a property, make a reservation, and complete payment."},{"name":"severity","value":"critical"},{"name":"resultFormat","value":"allure2"}],"parameters":[],"links":[],"hidden":false,"retry":false,"extra":{"severity":"critical","owner":"Muhammed Sherif","retries":[],"categories":[{"name":"Product defects","matchedStatuses":[]}],"tags":[]},"source":"832448e7faef4a94.json","parameterValues":[]}